<?xml version="1.0" encoding="UTF-8" ?>
<testsuite tests="11" failures="0" name="com.runner.test" time="472.984" errors="1" skipped="0">
  <properties>
    <property name="java.runtime.name" value="Java(TM) SE Runtime Environment"/>
    <property name="java.vm.version" value="17.0.2+8-LTS-86"/>
    <property name="sun.boot.library.path" value="C:\Program Files\Java\jdk-17.0.2\bin"/>
    <property name="maven.multiModuleProjectDirectory" value="C:\Users\Komal\Desktop\Eclipse Work-Repo\Sprint2"/>
    <property name="java.vm.vendor" value="Oracle Corporation"/>
    <property name="java.vendor.url" value="https://java.oracle.com/"/>
    <property name="guice.disable.misplaced.annotation.check" value="true"/>
    <property name="path.separator" value=";"/>
    <property name="java.vm.name" value="Java HotSpot(TM) 64-Bit Server VM"/>
    <property name="sun.os.patch.level" value=""/>
    <property name="user.script" value=""/>
    <property name="user.country" value="IN"/>
    <property name="sun.java.launcher" value="SUN_STANDARD"/>
    <property name="test" value="test.java"/>
    <property name="java.vm.specification.name" value="Java Virtual Machine Specification"/>
    <property name="user.dir" value="C:\Users\Komal\Desktop\Eclipse Work-Repo\Sprint2"/>
    <property name="java.vm.compressedOopsMode" value="32-bit"/>
    <property name="java.runtime.version" value="17.0.2+8-LTS-86"/>
    <property name="os.arch" value="amd64"/>
    <property name="java.io.tmpdir" value="C:\Users\Komal\AppData\Local\Temp\"/>
    <property name="line.separator" value="
"/>
    <property name="java.vm.specification.vendor" value="Oracle Corporation"/>
    <property name="user.variant" value=""/>
    <property name="os.name" value="Windows 10"/>
    <property name="classworlds.conf" value="C:\Users\Komal\Desktop\Eclipse Work-Repo\.metadata\.plugins\org.eclipse.m2e.launching\launches\m2conf16103087030122664402.tmp"/>
    <property name="sun.jnu.encoding" value="Cp1252"/>
    <property name="java.library.path" value="C:\Program Files\Java\jdk-17.0.2\bin;C:\Windows\Sun\Java\bin;C:\Windows\system32;C:\Windows;C:\Program Files\Common Files\Oracle\Java\javapath;C:\Program Files (x86)\Common Files\Oracle\Java\javapath;C:\Python310\Scripts\;C:\Python310\;C:\Windows\system32;C:\Windows;C:\Windows\System32\Wbem;C:\Windows\System32\WindowsPowerShell\v1.0\;C:\Windows\System32\OpenSSH\;C:\Program Files (x86)\NVIDIA Corporation\PhysX\Common;C:\Program Files\NVIDIA Corporation\NVIDIA NvDLISR;C:\Program Files\nodejs\;C:\ProgramData\chocolatey\bin;C:\Program Files\Git\cmd;C:\Program Files\PuTTY\;C:\Program Files\Java\jdk-17.0.2\bin;C:\Program Files\Java\jdk-17.0.2\bin;C:\Users\Komal\AppData\Local\Microsoft\WindowsApps;C:\Users\Komal\AppData\Roaming\npm;C:\Users\Komal\AppData\Local\Programs\Microsoft VS Code\bin;."/>
    <property name="jdk.debug" value="release"/>
    <property name="java.class.version" value="61.0"/>
    <property name="java.specification.name" value="Java Platform API Specification"/>
    <property name="sun.management.compiler" value="HotSpot 64-Bit Tiered Compilers"/>
    <property name="os.version" value="10.0"/>
    <property name="user.home" value="C:\Users\Komal"/>
    <property name="user.timezone" value="Asia/Calcutta"/>
    <property name="file.encoding" value="Cp1252"/>
    <property name="java.specification.version" value="17"/>
    <property name="user.name" value="Admin"/>
    <property name="java.class.path" value="C:\Users\Komal\.p2\pool\plugins\org.eclipse.m2e.maven.runtime_1.18.1.20211011-2139\jars\plexus-classworlds-2.6.0.jar"/>
    <property name="failIfNoTests" value="false"/>
    <property name="java.vm.specification.version" value="17"/>
    <property name="sun.arch.data.model" value="64"/>
    <property name="sun.java.command" value="org.codehaus.plexus.classworlds.launcher.Launcher -B clean install -Dtest=test.java -DfailIfNoTests=false"/>
    <property name="java.home" value="C:\Program Files\Java\jdk-17.0.2"/>
    <property name="user.language" value="en"/>
    <property name="java.specification.vendor" value="Oracle Corporation"/>
    <property name="java.vm.info" value="mixed mode, sharing"/>
    <property name="java.version" value="17.0.2"/>
    <property name="native.encoding" value="Cp1252"/>
    <property name="java.vendor" value="Oracle Corporation"/>
    <property name="maven.home" value="C:\Users\Komal\Desktop\Eclipse Work-Repo\Sprint2\EMBEDDED"/>
    <property name="file.separator" value="\"/>
    <property name="java.version.date" value="2022-01-18"/>
    <property name="java.vendor.url.bug" value="https://bugreport.java.com/bugreport/"/>
    <property name="sun.io.unicode.encoding" value="UnicodeLittle"/>
    <property name="sun.cpu.endian" value="little"/>
    <property name="sun.cpu.isalist" value="amd64"/>
  </properties>
  <testcase classname="Access User Appointments List" name="Valid Results for User Appointment" time="46.451"/>
  <testcase classname="Access User Appointments List" name="Error message for empty User Appointment list" time="43.764"/>
  <testcase classname="Book Appointment" name="Check valid status of Doctor is available" time="4.973"/>
  <testcase classname="Book Appointment" name="Profile Redirection on selecting Doctor profile" time="41.783"/>
  <testcase classname="Book Appointment" name="User redirection to Appointment page" time="43.068"/>
  <testcase classname="Book Appointment" name="Display of valid timeslot" time="44.434"/>
  <testcase classname="Book Appointment" name="Display of invalid timeslot" time="44.161"/>
  <testcase classname="Book Appointment" name="Display of valid dates" time="56.434"/>
  <testcase classname="Book Appointment" name="Display of invalid dates" time="45.928"/>
  <testcase classname="Book Appointment" name="Disabled Book button when timeslot is not selected" time="46.835"/>
  <testcase classname="Book Appointment" name="Enabled Book button on valid entry" time="55.153">
    <error message="no such element: Unable to locate element: {&quot;method&quot;:&quot;xpath&quot;,&quot;selector&quot;:&quot;//button[contains(@value,&apos;11:10&apos;)]&quot;}
  (Session info: chrome=99.0.4844.82)
For documentation on this error, please visit: https://selenium.dev/exceptions/#no_such_element
Build info: version: &apos;4.1.1&apos;, revision: &apos;e8fcc2cecf&apos;
System info: host: &apos;DESKTOP-QD7N9FM&apos;, ip: &apos;192.168.43.118&apos;, os.name: &apos;Windows 10&apos;, os.arch: &apos;amd64&apos;, os.version: &apos;10.0&apos;, java.version: &apos;17.0.2&apos;
Driver info: org.openqa.selenium.chrome.ChromeDriver
Command: [58c71abf36e055de1b85799c6e647ad1, findElement {using=xpath, value=//button[contains(@value,&apos;11:10&apos;)]}]
Capabilities {acceptInsecureCerts: false, browserName: chrome, browserVersion: 99.0.4844.82, chrome: {chromedriverVersion: 99.0.4844.51 (d537ec02474b5..., userDataDir: C:\Users\Komal\AppData\Loca...}, goog:chromeOptions: {debuggerAddress: localhost:53869}, javascriptEnabled: true, networkConnectionEnabled: false, pageLoadStrategy: normal, platform: WINDOWS, platformName: WINDOWS, proxy: Proxy(), se:cdp: ws://localhost:53869/devtoo..., se:cdpVersion: 99.0.4844.82, setWindowRect: true, strictFileInteractability: false, timeouts: {implicit: 0, pageLoad: 300000, script: 30000}, unhandledPromptBehavior: dismiss and notify, webauthn:extension:credBlob: true, webauthn:extension:largeBlob: true, webauthn:virtualAuthenticators: true}
Session ID: 58c71abf36e055de1b85799c6e647ad1" type="org.openqa.selenium.NoSuchElementException">org.openqa.selenium.NoSuchElementException: no such element: Unable to locate element: {&quot;method&quot;:&quot;xpath&quot;,&quot;selector&quot;:&quot;//button[contains(@value,&apos;11:10&apos;)]&quot;}
  (Session info: chrome=99.0.4844.82)
For documentation on this error, please visit: https://selenium.dev/exceptions/#no_such_element
Build info: version: &apos;4.1.1&apos;, revision: &apos;e8fcc2cecf&apos;
System info: host: &apos;DESKTOP-QD7N9FM&apos;, ip: &apos;192.168.43.118&apos;, os.name: &apos;Windows 10&apos;, os.arch: &apos;amd64&apos;, os.version: &apos;10.0&apos;, java.version: &apos;17.0.2&apos;
Driver info: org.openqa.selenium.chrome.ChromeDriver
Command: [58c71abf36e055de1b85799c6e647ad1, findElement {using=xpath, value=//button[contains(@value,&apos;11:10&apos;)]}]
Capabilities {acceptInsecureCerts: false, browserName: chrome, browserVersion: 99.0.4844.82, chrome: {chromedriverVersion: 99.0.4844.51 (d537ec02474b5..., userDataDir: C:\Users\Komal\AppData\Loca...}, goog:chromeOptions: {debuggerAddress: localhost:53869}, javascriptEnabled: true, networkConnectionEnabled: false, pageLoadStrategy: normal, platform: WINDOWS, platformName: WINDOWS, proxy: Proxy(), se:cdp: ws://localhost:53869/devtoo..., se:cdpVersion: 99.0.4844.82, setWindowRect: true, strictFileInteractability: false, timeouts: {implicit: 0, pageLoad: 300000, script: 30000}, unhandledPromptBehavior: dismiss and notify, webauthn:extension:credBlob: true, webauthn:extension:largeBlob: true, webauthn:virtualAuthenticators: true}
Session ID: 58c71abf36e055de1b85799c6e647ad1
	at java.base/jdk.internal.reflect.NativeConstructorAccessorImpl.newInstance0(Native Method)
	at java.base/jdk.internal.reflect.NativeConstructorAccessorImpl.newInstance(NativeConstructorAccessorImpl.java:77)
	at java.base/jdk.internal.reflect.DelegatingConstructorAccessorImpl.newInstance(DelegatingConstructorAccessorImpl.java:45)
	at java.base/java.lang.reflect.Constructor.newInstanceWithCaller(Constructor.java:499)
	at java.base/java.lang.reflect.Constructor.newInstance(Constructor.java:480)
	at org.openqa.selenium.remote.codec.w3c.W3CHttpResponseCodec.createException(W3CHttpResponseCodec.java:200)
	at org.openqa.selenium.remote.codec.w3c.W3CHttpResponseCodec.decode(W3CHttpResponseCodec.java:133)
	at org.openqa.selenium.remote.codec.w3c.W3CHttpResponseCodec.decode(W3CHttpResponseCodec.java:53)
	at org.openqa.selenium.remote.HttpCommandExecutor.execute(HttpCommandExecutor.java:184)
	at org.openqa.selenium.remote.service.DriverCommandExecutor.invokeExecute(DriverCommandExecutor.java:167)
	at org.openqa.selenium.remote.service.DriverCommandExecutor.execute(DriverCommandExecutor.java:142)
	at org.openqa.selenium.remote.RemoteWebDriver.execute(RemoteWebDriver.java:543)
	at org.openqa.selenium.remote.ElementLocation$ElementFinder$2.findElement(ElementLocation.java:162)
	at org.openqa.selenium.remote.ElementLocation.findElement(ElementLocation.java:60)
	at org.openqa.selenium.remote.RemoteWebDriver.findElement(RemoteWebDriver.java:367)
	at org.openqa.selenium.remote.RemoteWebDriver.findElement(RemoteWebDriver.java:359)
	at com.StepDefinitions.Book_Appointment.user_selected_valid_dates_and_timeslots(Book_Appointment.java:411)
	at ✽.user selected valid dates and timeslots(file:///C:/Users/Komal/Desktop/Eclipse%20Work-Repo/Sprint2/Features/Book_Appointment.feature:57)
</error>
    <system-out>[DEBUG] Using new Channel &apos;[id: 0x57c098bd, L:/127.0.0.1:53868 - R:localhost/127.0.0.1:54695]&apos; for &apos;POST&apos; to &apos;/session&apos;
[DEBUG] 

Request DefaultHttpRequest(decodeResult: success, version: HTTP/1.1)
POST /session HTTP/1.1
User-Agent: selenium/4.1.1 (java windows)
Content-Length: 365
Content-Type: application/json; charset=utf-8
host: localhost:54695
accept: */*

Response DefaultHttpResponse(decodeResult: success, version: HTTP/1.1)
HTTP/1.1 200 OK
Content-Type: application/json; charset=utf-8
cache-control: no-cache
content-length: 788

[DEBUG] Adding key: http://localhost:54695 for channel [id: 0x57c098bd, L:/127.0.0.1:53868 - R:localhost/127.0.0.1:54695]
[DEBUG] Using new Channel &apos;[id: 0xa4db220d, L:/127.0.0.1:53875 - R:localhost/127.0.0.1:53869]&apos; for &apos;GET&apos; to &apos;/json/version&apos;
[DEBUG] 

Request DefaultFullHttpRequest(decodeResult: success, version: HTTP/1.1, content: EmptyByteBufBE)
GET /json/version HTTP/1.1
User-Agent: selenium/4.1.1 (java windows)
host: localhost:53869
accept: */*

Response DefaultHttpResponse(decodeResult: success, version: HTTP/1.1)
HTTP/1.1 200 OK
Content-Type: application/json; charset=UTF-8
content-length: 423

[DEBUG] Adding key: http://localhost:53869 for channel [id: 0xa4db220d, L:/127.0.0.1:53875 - R:localhost/127.0.0.1:53869]
[DEBUG] Using new Channel &apos;[id: 0x74f402d1, L:/127.0.0.1:53876 - R:localhost/127.0.0.1:53869]&apos; for &apos;GET&apos; to &apos;/devtools/browser/43fb25f0-04b0-4f20-9c6c-1acea0632a10&apos;
[DEBUG] 

Request DefaultFullHttpRequest(decodeResult: success, version: HTTP/1.1, content: EmptyByteBufBE)
GET /devtools/browser/43fb25f0-04b0-4f20-9c6c-1acea0632a10 HTTP/1.1
upgrade: websocket
connection: upgrade
sec-websocket-key: kD+WVvffJOycCV5RXhQUDA==
sec-websocket-version: 13
origin: http://localhost:53869
host: localhost:53869
accept: */*
user-agent: AHC/2.1

Response DefaultHttpResponse(decodeResult: success, version: HTTP/1.1)
HTTP/1.1 101 WebSocket Protocol Handshake
Upgrade: WebSocket
Connection: Upgrade
Sec-WebSocket-Accept: nCWHFn1nqLnro85WVTRNUl/i66M=

[DEBUG] Using pooled Channel &apos;[id: 0x57c098bd, L:/127.0.0.1:53868 - R:localhost/127.0.0.1:54695]&apos; for &apos;POST&apos; to &apos;http://localhost:54695/session/58c71abf36e055de1b85799c6e647ad1/url&apos;
[DEBUG] Using open Channel [id: 0x57c098bd, L:/127.0.0.1:53868 - R:localhost/127.0.0.1:54695] for POST &apos;/session/58c71abf36e055de1b85799c6e647ad1/url&apos;
[DEBUG] Entry count for : http://localhost:61186 : 1
[DEBUG] Entry count for : http://localhost:53153 : 1
[DEBUG] Entry count for : http://localhost:53782 : 1
[DEBUG] Entry count for : http://localhost:53869 : 1
[DEBUG] Entry count for : http://localhost:61186 : 1
[DEBUG] Entry count for : http://localhost:53153 : 1
[DEBUG] Entry count for : http://localhost:53782 : 1
[DEBUG] Entry count for : http://localhost:53869 : 1
[DEBUG] Entry count for : http://localhost:61186 : 1
[DEBUG] Entry count for : http://localhost:53153 : 1
[DEBUG] Entry count for : http://localhost:53782 : 1
[DEBUG] Entry count for : http://localhost:53869 : 1
[DEBUG] 

Request DefaultHttpRequest(decodeResult: success, version: HTTP/1.1)
POST /session/58c71abf36e055de1b85799c6e647ad1/url HTTP/1.1
User-Agent: selenium/4.1.1 (java windows)
Content-Length: 125
Content-Type: application/json; charset=utf-8
host: localhost:54695
accept: */*

Response DefaultHttpResponse(decodeResult: success, version: HTTP/1.1)
HTTP/1.1 200 OK
Content-Type: application/json; charset=utf-8
cache-control: no-cache
content-length: 14

[DEBUG] Adding key: http://localhost:54695 for channel [id: 0x57c098bd, L:/127.0.0.1:53868 - R:localhost/127.0.0.1:54695]
[DEBUG] Using pooled Channel &apos;[id: 0x57c098bd, L:/127.0.0.1:53868 - R:localhost/127.0.0.1:54695]&apos; for &apos;POST&apos; to &apos;http://localhost:54695/session/58c71abf36e055de1b85799c6e647ad1/window/maximize&apos;
[DEBUG] Using open Channel [id: 0x57c098bd, L:/127.0.0.1:53868 - R:localhost/127.0.0.1:54695] for POST &apos;/session/58c71abf36e055de1b85799c6e647ad1/window/maximize&apos;
[DEBUG] 

Request DefaultHttpRequest(decodeResult: success, version: HTTP/1.1)
POST /session/58c71abf36e055de1b85799c6e647ad1/window/maximize HTTP/1.1
User-Agent: selenium/4.1.1 (java windows)
Content-Length: 3
Content-Type: application/json; charset=utf-8
host: localhost:54695
accept: */*

Response DefaultHttpResponse(decodeResult: success, version: HTTP/1.1)
HTTP/1.1 200 OK
Content-Type: application/json; charset=utf-8
cache-control: no-cache
content-length: 51

[DEBUG] Adding key: http://localhost:54695 for channel [id: 0x57c098bd, L:/127.0.0.1:53868 - R:localhost/127.0.0.1:54695]
[DEBUG] Entry count for : http://localhost:61186 : 1
[DEBUG] Entry count for : http://localhost:54695 : 1
[DEBUG] Entry count for : http://localhost:53153 : 1
[DEBUG] Entry count for : http://localhost:53782 : 1
[DEBUG] Entry count for : http://localhost:53869 : 1
[DEBUG] Entry count for : http://localhost:61186 : 1
[DEBUG] Entry count for : http://localhost:54695 : 1
[DEBUG] Entry count for : http://localhost:53153 : 1
[DEBUG] Entry count for : http://localhost:53782 : 1
[DEBUG] Entry count for : http://localhost:53869 : 1
[DEBUG] Entry count for : http://localhost:61186 : 1
[DEBUG] Entry count for : http://localhost:54695 : 1
[DEBUG] Entry count for : http://localhost:53153 : 1
[DEBUG] Entry count for : http://localhost:53782 : 1
[DEBUG] Entry count for : http://localhost:53869 : 1
[DEBUG] Using pooled Channel &apos;[id: 0x57c098bd, L:/127.0.0.1:53868 - R:localhost/127.0.0.1:54695]&apos; for &apos;POST&apos; to &apos;http://localhost:54695/session/58c71abf36e055de1b85799c6e647ad1/element&apos;
[DEBUG] Using open Channel [id: 0x57c098bd, L:/127.0.0.1:53868 - R:localhost/127.0.0.1:54695] for POST &apos;/session/58c71abf36e055de1b85799c6e647ad1/element&apos;
[DEBUG] 

Request DefaultHttpRequest(decodeResult: success, version: HTTP/1.1)
POST /session/58c71abf36e055de1b85799c6e647ad1/element HTTP/1.1
User-Agent: selenium/4.1.1 (java windows)
Content-Length: 58
Content-Type: application/json; charset=utf-8
host: localhost:54695
accept: */*

Response DefaultHttpResponse(decodeResult: success, version: HTTP/1.1)
HTTP/1.1 200 OK
Content-Type: application/json; charset=utf-8
cache-control: no-cache
content-length: 88

[DEBUG] Adding key: http://localhost:54695 for channel [id: 0x57c098bd, L:/127.0.0.1:53868 - R:localhost/127.0.0.1:54695]
[DEBUG] Using pooled Channel &apos;[id: 0x57c098bd, L:/127.0.0.1:53868 - R:localhost/127.0.0.1:54695]&apos; for &apos;POST&apos; to &apos;http://localhost:54695/session/58c71abf36e055de1b85799c6e647ad1/element/bf25498e-fc2e-4e09-89f8-ef21cc305995/click&apos;
[DEBUG] Using open Channel [id: 0x57c098bd, L:/127.0.0.1:53868 - R:localhost/127.0.0.1:54695] for POST &apos;/session/58c71abf36e055de1b85799c6e647ad1/element/bf25498e-fc2e-4e09-89f8-ef21cc305995/click&apos;
[DEBUG] 

Request DefaultHttpRequest(decodeResult: success, version: HTTP/1.1)
POST /session/58c71abf36e055de1b85799c6e647ad1/element/bf25498e-fc2e-4e09-89f8-ef21cc305995/click HTTP/1.1
User-Agent: selenium/4.1.1 (java windows)
Content-Length: 50
Content-Type: application/json; charset=utf-8
host: localhost:54695
accept: */*

Response DefaultHttpResponse(decodeResult: success, version: HTTP/1.1)
HTTP/1.1 200 OK
Content-Type: application/json; charset=utf-8
cache-control: no-cache
content-length: 14

[DEBUG] Adding key: http://localhost:54695 for channel [id: 0x57c098bd, L:/127.0.0.1:53868 - R:localhost/127.0.0.1:54695]
[DEBUG] Entry count for : http://localhost:61186 : 1
[DEBUG] Entry count for : http://localhost:54695 : 1
[DEBUG] Entry count for : http://localhost:53153 : 1
[DEBUG] Entry count for : http://localhost:53782 : 1
[DEBUG] Entry count for : http://localhost:53869 : 1
[DEBUG] Entry count for : http://localhost:61186 : 1
[DEBUG] Entry count for : http://localhost:54695 : 1
[DEBUG] Entry count for : http://localhost:53153 : 1
[DEBUG] Entry count for : http://localhost:53782 : 1
[DEBUG] Entry count for : http://localhost:53869 : 1
[DEBUG] Entry count for : http://localhost:61186 : 1
[DEBUG] Entry count for : http://localhost:54695 : 1
[DEBUG] Entry count for : http://localhost:53153 : 1
[DEBUG] Entry count for : http://localhost:53782 : 1
[DEBUG] Entry count for : http://localhost:53869 : 1
[DEBUG] Entry count for : http://localhost:61186 : 1
[DEBUG] Entry count for : http://localhost:54695 : 1
[DEBUG] Entry count for : http://localhost:53153 : 1
[DEBUG] Entry count for : http://localhost:53782 : 1
[DEBUG] Entry count for : http://localhost:53869 : 1
[DEBUG] Using pooled Channel &apos;[id: 0x57c098bd, L:/127.0.0.1:53868 - R:localhost/127.0.0.1:54695]&apos; for &apos;POST&apos; to &apos;http://localhost:54695/session/58c71abf36e055de1b85799c6e647ad1/element&apos;
[DEBUG] Using open Channel [id: 0x57c098bd, L:/127.0.0.1:53868 - R:localhost/127.0.0.1:54695] for POST &apos;/session/58c71abf36e055de1b85799c6e647ad1/element&apos;
[DEBUG] 

Request DefaultHttpRequest(decodeResult: success, version: HTTP/1.1)
POST /session/58c71abf36e055de1b85799c6e647ad1/element HTTP/1.1
User-Agent: selenium/4.1.1 (java windows)
Content-Length: 80
Content-Type: application/json; charset=utf-8
host: localhost:54695
accept: */*

Response DefaultHttpResponse(decodeResult: success, version: HTTP/1.1)
HTTP/1.1 200 OK
Content-Type: application/json; charset=utf-8
cache-control: no-cache
content-length: 88

[DEBUG] Adding key: http://localhost:54695 for channel [id: 0x57c098bd, L:/127.0.0.1:53868 - R:localhost/127.0.0.1:54695]
[DEBUG] Using pooled Channel &apos;[id: 0x57c098bd, L:/127.0.0.1:53868 - R:localhost/127.0.0.1:54695]&apos; for &apos;POST&apos; to &apos;http://localhost:54695/session/58c71abf36e055de1b85799c6e647ad1/element/33dde9d4-c67f-4403-9f8c-2f91c5bceaef/click&apos;
[DEBUG] Using open Channel [id: 0x57c098bd, L:/127.0.0.1:53868 - R:localhost/127.0.0.1:54695] for POST &apos;/session/58c71abf36e055de1b85799c6e647ad1/element/33dde9d4-c67f-4403-9f8c-2f91c5bceaef/click&apos;
[DEBUG] 

Request DefaultHttpRequest(decodeResult: success, version: HTTP/1.1)
POST /session/58c71abf36e055de1b85799c6e647ad1/element/33dde9d4-c67f-4403-9f8c-2f91c5bceaef/click HTTP/1.1
User-Agent: selenium/4.1.1 (java windows)
Content-Length: 50
Content-Type: application/json; charset=utf-8
host: localhost:54695
accept: */*

Response DefaultHttpResponse(decodeResult: success, version: HTTP/1.1)
HTTP/1.1 200 OK
Content-Type: application/json; charset=utf-8
cache-control: no-cache
content-length: 14

[DEBUG] Adding key: http://localhost:54695 for channel [id: 0x57c098bd, L:/127.0.0.1:53868 - R:localhost/127.0.0.1:54695]
[DEBUG] Entry count for : http://localhost:61186 : 1
[DEBUG] Entry count for : http://localhost:54695 : 1
[DEBUG] Entry count for : http://localhost:53153 : 1
[DEBUG] Entry count for : http://localhost:53782 : 1
[DEBUG] Entry count for : http://localhost:53869 : 1
[DEBUG] Entry count for : http://localhost:61186 : 1
[DEBUG] Entry count for : http://localhost:54695 : 1
[DEBUG] Entry count for : http://localhost:53153 : 1
[DEBUG] Entry count for : http://localhost:53782 : 1
[DEBUG] Entry count for : http://localhost:53869 : 1
[DEBUG] Entry count for : http://localhost:61186 : 1
[DEBUG] Entry count for : http://localhost:54695 : 1
[DEBUG] Entry count for : http://localhost:53153 : 1
[DEBUG] Entry count for : http://localhost:53782 : 1
[DEBUG] Entry count for : http://localhost:53869 : 1
[DEBUG] Adding Candidate expired Channel [id: 0x12e48dd8, L:/127.0.0.1:53688 - R:localhost/127.0.0.1:53153] isIdleTimeoutExpired=true isRemotelyClosed=false isTtlExpired=false
[DEBUG] Closing Idle Channel [id: 0x12e48dd8, L:/127.0.0.1:53688 - R:localhost/127.0.0.1:53153]
[DEBUG] Adding Candidate expired Channel [id: 0x07d4aa88, L:/127.0.0.1:53788 - R:localhost/127.0.0.1:53782] isIdleTimeoutExpired=true isRemotelyClosed=false isTtlExpired=false
[DEBUG] Closing Idle Channel [id: 0x07d4aa88, L:/127.0.0.1:53788 - R:localhost/127.0.0.1:53782]
[DEBUG] Closed 2 connections out of 5 in 0 ms
[DEBUG] Channel Closed: [id: 0x07d4aa88, L:/127.0.0.1:53788 ! R:localhost/127.0.0.1:53782] with attribute DISCARD
[DEBUG] Channel Closed: [id: 0x12e48dd8, L:/127.0.0.1:53688 ! R:localhost/127.0.0.1:53153] with attribute DISCARD
[DEBUG] Using pooled Channel &apos;[id: 0x57c098bd, L:/127.0.0.1:53868 - R:localhost/127.0.0.1:54695]&apos; for &apos;POST&apos; to &apos;http://localhost:54695/session/58c71abf36e055de1b85799c6e647ad1/element&apos;
[DEBUG] Using open Channel [id: 0x57c098bd, L:/127.0.0.1:53868 - R:localhost/127.0.0.1:54695] for POST &apos;/session/58c71abf36e055de1b85799c6e647ad1/element&apos;
[DEBUG] 

Request DefaultHttpRequest(decodeResult: success, version: HTTP/1.1)
POST /session/58c71abf36e055de1b85799c6e647ad1/element HTTP/1.1
User-Agent: selenium/4.1.1 (java windows)
Content-Length: 153
Content-Type: application/json; charset=utf-8
host: localhost:54695
accept: */*

Response DefaultHttpResponse(decodeResult: success, version: HTTP/1.1)
HTTP/1.1 200 OK
Content-Type: application/json; charset=utf-8
cache-control: no-cache
content-length: 88

[DEBUG] Adding key: http://localhost:54695 for channel [id: 0x57c098bd, L:/127.0.0.1:53868 - R:localhost/127.0.0.1:54695]
[DEBUG] Using pooled Channel &apos;[id: 0x57c098bd, L:/127.0.0.1:53868 - R:localhost/127.0.0.1:54695]&apos; for &apos;POST&apos; to &apos;http://localhost:54695/session/58c71abf36e055de1b85799c6e647ad1/element/3414df10-a83d-4d49-a74c-ebfb6886cc41/value&apos;
[DEBUG] Using open Channel [id: 0x57c098bd, L:/127.0.0.1:53868 - R:localhost/127.0.0.1:54695] for POST &apos;/session/58c71abf36e055de1b85799c6e647ad1/element/3414df10-a83d-4d49-a74c-ebfb6886cc41/value&apos;
[DEBUG] 

Request DefaultHttpRequest(decodeResult: success, version: HTTP/1.1)
POST /session/58c71abf36e055de1b85799c6e647ad1/element/3414df10-a83d-4d49-a74c-ebfb6886cc41/value HTTP/1.1
User-Agent: selenium/4.1.1 (java windows)
Content-Length: 181
Content-Type: application/json; charset=utf-8
host: localhost:54695
accept: */*

Response DefaultHttpResponse(decodeResult: success, version: HTTP/1.1)
HTTP/1.1 200 OK
Content-Type: application/json; charset=utf-8
cache-control: no-cache
content-length: 14

[DEBUG] Adding key: http://localhost:54695 for channel [id: 0x57c098bd, L:/127.0.0.1:53868 - R:localhost/127.0.0.1:54695]
[DEBUG] Entry count for : http://localhost:61186 : 1
[DEBUG] Entry count for : http://localhost:54695 : 1
[DEBUG] Entry count for : http://localhost:53869 : 1
[DEBUG] Entry count for : http://localhost:61186 : 1
[DEBUG] Entry count for : http://localhost:54695 : 1
[DEBUG] Entry count for : http://localhost:53869 : 1
[DEBUG] Entry count for : http://localhost:61186 : 1
[DEBUG] Entry count for : http://localhost:54695 : 1
[DEBUG] Entry count for : http://localhost:53869 : 1
[DEBUG] Using pooled Channel &apos;[id: 0x57c098bd, L:/127.0.0.1:53868 - R:localhost/127.0.0.1:54695]&apos; for &apos;POST&apos; to &apos;http://localhost:54695/session/58c71abf36e055de1b85799c6e647ad1/element&apos;
[DEBUG] Using open Channel [id: 0x57c098bd, L:/127.0.0.1:53868 - R:localhost/127.0.0.1:54695] for POST &apos;/session/58c71abf36e055de1b85799c6e647ad1/element&apos;
[DEBUG] 

Request DefaultHttpRequest(decodeResult: success, version: HTTP/1.1)
POST /session/58c71abf36e055de1b85799c6e647ad1/element HTTP/1.1
User-Agent: selenium/4.1.1 (java windows)
Content-Length: 142
Content-Type: application/json; charset=utf-8
host: localhost:54695
accept: */*

Response DefaultHttpResponse(decodeResult: success, version: HTTP/1.1)
HTTP/1.1 200 OK
Content-Type: application/json; charset=utf-8
cache-control: no-cache
content-length: 88

[DEBUG] Adding key: http://localhost:54695 for channel [id: 0x57c098bd, L:/127.0.0.1:53868 - R:localhost/127.0.0.1:54695]
[DEBUG] Using pooled Channel &apos;[id: 0x57c098bd, L:/127.0.0.1:53868 - R:localhost/127.0.0.1:54695]&apos; for &apos;POST&apos; to &apos;http://localhost:54695/session/58c71abf36e055de1b85799c6e647ad1/element/c0b519cb-4d32-429c-b36c-a77b0c6e69c5/click&apos;
[DEBUG] Using open Channel [id: 0x57c098bd, L:/127.0.0.1:53868 - R:localhost/127.0.0.1:54695] for POST &apos;/session/58c71abf36e055de1b85799c6e647ad1/element/c0b519cb-4d32-429c-b36c-a77b0c6e69c5/click&apos;
[DEBUG] 

Request DefaultHttpRequest(decodeResult: success, version: HTTP/1.1)
POST /session/58c71abf36e055de1b85799c6e647ad1/element/c0b519cb-4d32-429c-b36c-a77b0c6e69c5/click HTTP/1.1
User-Agent: selenium/4.1.1 (java windows)
Content-Length: 50
Content-Type: application/json; charset=utf-8
host: localhost:54695
accept: */*

Response DefaultHttpResponse(decodeResult: success, version: HTTP/1.1)
HTTP/1.1 200 OK
Content-Type: application/json; charset=utf-8
cache-control: no-cache
content-length: 14

[DEBUG] Adding key: http://localhost:54695 for channel [id: 0x57c098bd, L:/127.0.0.1:53868 - R:localhost/127.0.0.1:54695]
[DEBUG] Entry count for : http://localhost:61186 : 1
[DEBUG] Entry count for : http://localhost:54695 : 1
[DEBUG] Entry count for : http://localhost:53869 : 1
[DEBUG] Entry count for : http://localhost:61186 : 1
[DEBUG] Entry count for : http://localhost:54695 : 1
[DEBUG] Entry count for : http://localhost:53869 : 1
[DEBUG] Entry count for : http://localhost:61186 : 1
[DEBUG] Entry count for : http://localhost:54695 : 1
[DEBUG] Entry count for : http://localhost:53869 : 1
[DEBUG] Entry count for : http://localhost:61186 : 1
[DEBUG] Entry count for : http://localhost:54695 : 1
[DEBUG] Entry count for : http://localhost:53869 : 1
[DEBUG] Entry count for : http://localhost:61186 : 1
[DEBUG] Entry count for : http://localhost:54695 : 1
[DEBUG] Entry count for : http://localhost:53869 : 1
[DEBUG] Entry count for : http://localhost:61186 : 1
[DEBUG] Entry count for : http://localhost:54695 : 1
[DEBUG] Entry count for : http://localhost:53869 : 1
[DEBUG] Entry count for : http://localhost:61186 : 1
[DEBUG] Entry count for : http://localhost:54695 : 1
[DEBUG] Entry count for : http://localhost:53869 : 1
[DEBUG] Entry count for : http://localhost:61186 : 1
[DEBUG] Entry count for : http://localhost:54695 : 1
[DEBUG] Entry count for : http://localhost:53869 : 1
[DEBUG] Entry count for : http://localhost:61186 : 1
[DEBUG] Entry count for : http://localhost:54695 : 1
[DEBUG] Entry count for : http://localhost:53869 : 1
[DEBUG] Entry count for : http://localhost:61186 : 1
[DEBUG] Entry count for : http://localhost:54695 : 1
[DEBUG] Entry count for : http://localhost:53869 : 1
[DEBUG] Entry count for : http://localhost:61186 : 1
[DEBUG] Entry count for : http://localhost:54695 : 1
[DEBUG] Entry count for : http://localhost:53869 : 1
[DEBUG] Entry count for : http://localhost:61186 : 1
[DEBUG] Entry count for : http://localhost:54695 : 1
[DEBUG] Entry count for : http://localhost:53869 : 1
[DEBUG] Entry count for : http://localhost:61186 : 1
[DEBUG] Entry count for : http://localhost:54695 : 1
[DEBUG] Entry count for : http://localhost:53869 : 1
[DEBUG] Entry count for : http://localhost:61186 : 1
[DEBUG] Entry count for : http://localhost:54695 : 1
[DEBUG] Entry count for : http://localhost:53869 : 1
[DEBUG] Entry count for : http://localhost:61186 : 1
[DEBUG] Entry count for : http://localhost:54695 : 1
[DEBUG] Entry count for : http://localhost:53869 : 1
[DEBUG] Entry count for : http://localhost:61186 : 1
[DEBUG] Entry count for : http://localhost:54695 : 1
[DEBUG] Entry count for : http://localhost:53869 : 1
[DEBUG] Entry count for : http://localhost:61186 : 1
[DEBUG] Entry count for : http://localhost:54695 : 1
[DEBUG] Entry count for : http://localhost:53869 : 1
[DEBUG] Entry count for : http://localhost:61186 : 1
[DEBUG] Entry count for : http://localhost:54695 : 1
[DEBUG] Entry count for : http://localhost:53869 : 1
[DEBUG] Using pooled Channel &apos;[id: 0x57c098bd, L:/127.0.0.1:53868 - R:localhost/127.0.0.1:54695]&apos; for &apos;POST&apos; to &apos;http://localhost:54695/session/58c71abf36e055de1b85799c6e647ad1/element&apos;
[DEBUG] Using open Channel [id: 0x57c098bd, L:/127.0.0.1:53868 - R:localhost/127.0.0.1:54695] for POST &apos;/session/58c71abf36e055de1b85799c6e647ad1/element&apos;
[DEBUG] 

Request DefaultHttpRequest(decodeResult: success, version: HTTP/1.1)
POST /session/58c71abf36e055de1b85799c6e647ad1/element HTTP/1.1
User-Agent: selenium/4.1.1 (java windows)
Content-Length: 210
Content-Type: application/json; charset=utf-8
host: localhost:54695
accept: */*

Response DefaultHttpResponse(decodeResult: success, version: HTTP/1.1)
HTTP/1.1 200 OK
Content-Type: application/json; charset=utf-8
cache-control: no-cache
content-length: 88

[DEBUG] Adding key: http://localhost:54695 for channel [id: 0x57c098bd, L:/127.0.0.1:53868 - R:localhost/127.0.0.1:54695]
[DEBUG] Using pooled Channel &apos;[id: 0x57c098bd, L:/127.0.0.1:53868 - R:localhost/127.0.0.1:54695]&apos; for &apos;POST&apos; to &apos;http://localhost:54695/session/58c71abf36e055de1b85799c6e647ad1/element/43832fcc-1b49-46a3-82d1-68812b15a0d0/click&apos;
[DEBUG] Using open Channel [id: 0x57c098bd, L:/127.0.0.1:53868 - R:localhost/127.0.0.1:54695] for POST &apos;/session/58c71abf36e055de1b85799c6e647ad1/element/43832fcc-1b49-46a3-82d1-68812b15a0d0/click&apos;
[DEBUG] 

Request DefaultHttpRequest(decodeResult: success, version: HTTP/1.1)
POST /session/58c71abf36e055de1b85799c6e647ad1/element/43832fcc-1b49-46a3-82d1-68812b15a0d0/click HTTP/1.1
User-Agent: selenium/4.1.1 (java windows)
Content-Length: 50
Content-Type: application/json; charset=utf-8
host: localhost:54695
accept: */*

Response DefaultHttpResponse(decodeResult: success, version: HTTP/1.1)
HTTP/1.1 200 OK
Content-Type: application/json; charset=utf-8
cache-control: no-cache
content-length: 14

[DEBUG] Adding key: http://localhost:54695 for channel [id: 0x57c098bd, L:/127.0.0.1:53868 - R:localhost/127.0.0.1:54695]
[DEBUG] Entry count for : http://localhost:61186 : 1
[DEBUG] Entry count for : http://localhost:54695 : 1
[DEBUG] Entry count for : http://localhost:53869 : 1
[DEBUG] Entry count for : http://localhost:61186 : 1
[DEBUG] Entry count for : http://localhost:54695 : 1
[DEBUG] Entry count for : http://localhost:53869 : 1
[DEBUG] Entry count for : http://localhost:61186 : 1
[DEBUG] Entry count for : http://localhost:54695 : 1
[DEBUG] Entry count for : http://localhost:53869 : 1
[DEBUG] Using pooled Channel &apos;[id: 0x57c098bd, L:/127.0.0.1:53868 - R:localhost/127.0.0.1:54695]&apos; for &apos;POST&apos; to &apos;http://localhost:54695/session/58c71abf36e055de1b85799c6e647ad1/element&apos;
[DEBUG] Using open Channel [id: 0x57c098bd, L:/127.0.0.1:53868 - R:localhost/127.0.0.1:54695] for POST &apos;/session/58c71abf36e055de1b85799c6e647ad1/element&apos;
[DEBUG] 

Request DefaultHttpRequest(decodeResult: success, version: HTTP/1.1)
POST /session/58c71abf36e055de1b85799c6e647ad1/element HTTP/1.1
User-Agent: selenium/4.1.1 (java windows)
Content-Length: 172
Content-Type: application/json; charset=utf-8
host: localhost:54695
accept: */*

Response DefaultHttpResponse(decodeResult: success, version: HTTP/1.1)
HTTP/1.1 200 OK
Content-Type: application/json; charset=utf-8
cache-control: no-cache
content-length: 88

[DEBUG] Adding key: http://localhost:54695 for channel [id: 0x57c098bd, L:/127.0.0.1:53868 - R:localhost/127.0.0.1:54695]
[DEBUG] Using pooled Channel &apos;[id: 0x57c098bd, L:/127.0.0.1:53868 - R:localhost/127.0.0.1:54695]&apos; for &apos;POST&apos; to &apos;http://localhost:54695/session/58c71abf36e055de1b85799c6e647ad1/element/65d0d42f-7f19-41f0-b16d-0c22db1f13d7/click&apos;
[DEBUG] Using open Channel [id: 0x57c098bd, L:/127.0.0.1:53868 - R:localhost/127.0.0.1:54695] for POST &apos;/session/58c71abf36e055de1b85799c6e647ad1/element/65d0d42f-7f19-41f0-b16d-0c22db1f13d7/click&apos;
[DEBUG] 

Request DefaultHttpRequest(decodeResult: success, version: HTTP/1.1)
POST /session/58c71abf36e055de1b85799c6e647ad1/element/65d0d42f-7f19-41f0-b16d-0c22db1f13d7/click HTTP/1.1
User-Agent: selenium/4.1.1 (java windows)
Content-Length: 50
Content-Type: application/json; charset=utf-8
host: localhost:54695
accept: */*

Response DefaultHttpResponse(decodeResult: success, version: HTTP/1.1)
HTTP/1.1 200 OK
Content-Type: application/json; charset=utf-8
cache-control: no-cache
content-length: 14

[DEBUG] Adding key: http://localhost:54695 for channel [id: 0x57c098bd, L:/127.0.0.1:53868 - R:localhost/127.0.0.1:54695]
[DEBUG] Entry count for : http://localhost:61186 : 1
[DEBUG] Entry count for : http://localhost:54695 : 1
[DEBUG] Entry count for : http://localhost:53869 : 1
[DEBUG] Entry count for : http://localhost:61186 : 1
[DEBUG] Entry count for : http://localhost:54695 : 1
[DEBUG] Entry count for : http://localhost:53869 : 1
[DEBUG] Entry count for : http://localhost:61186 : 1
[DEBUG] Entry count for : http://localhost:54695 : 1
[DEBUG] Entry count for : http://localhost:53869 : 1
[DEBUG] Using pooled Channel &apos;[id: 0x57c098bd, L:/127.0.0.1:53868 - R:localhost/127.0.0.1:54695]&apos; for &apos;POST&apos; to &apos;http://localhost:54695/session/58c71abf36e055de1b85799c6e647ad1/element&apos;
[DEBUG] Using open Channel [id: 0x57c098bd, L:/127.0.0.1:53868 - R:localhost/127.0.0.1:54695] for POST &apos;/session/58c71abf36e055de1b85799c6e647ad1/element&apos;
[DEBUG] 

Request DefaultHttpRequest(decodeResult: success, version: HTTP/1.1)
POST /session/58c71abf36e055de1b85799c6e647ad1/element HTTP/1.1
User-Agent: selenium/4.1.1 (java windows)
Content-Length: 90
Content-Type: application/json; charset=utf-8
host: localhost:54695
accept: */*

Response DefaultHttpResponse(decodeResult: success, version: HTTP/1.1)
HTTP/1.1 200 OK
Content-Type: application/json; charset=utf-8
cache-control: no-cache
content-length: 88

[DEBUG] Adding key: http://localhost:54695 for channel [id: 0x57c098bd, L:/127.0.0.1:53868 - R:localhost/127.0.0.1:54695]
[DEBUG] Using pooled Channel &apos;[id: 0x57c098bd, L:/127.0.0.1:53868 - R:localhost/127.0.0.1:54695]&apos; for &apos;POST&apos; to &apos;http://localhost:54695/session/58c71abf36e055de1b85799c6e647ad1/execute/sync&apos;
[DEBUG] Using open Channel [id: 0x57c098bd, L:/127.0.0.1:53868 - R:localhost/127.0.0.1:54695] for POST &apos;/session/58c71abf36e055de1b85799c6e647ad1/execute/sync&apos;
[DEBUG] 

Request DefaultHttpRequest(decodeResult: success, version: HTTP/1.1)
POST /session/58c71abf36e055de1b85799c6e647ad1/execute/sync HTTP/1.1
User-Agent: selenium/4.1.1 (java windows)
Content-Length: 48780
Content-Type: application/json; charset=utf-8
host: localhost:54695
accept: */*

Response DefaultHttpResponse(decodeResult: success, version: HTTP/1.1)
HTTP/1.1 200 OK
Content-Type: application/json; charset=utf-8
cache-control: no-cache
content-length: 14

[DEBUG] Adding key: http://localhost:54695 for channel [id: 0x57c098bd, L:/127.0.0.1:53868 - R:localhost/127.0.0.1:54695]
true
past_date_chk :21
future_date_chk :23
22
03
curr_hour11
04
11
11:10
[DEBUG] Using pooled Channel &apos;[id: 0x57c098bd, L:/127.0.0.1:53868 - R:localhost/127.0.0.1:54695]&apos; for &apos;POST&apos; to &apos;http://localhost:54695/session/58c71abf36e055de1b85799c6e647ad1/element&apos;
[DEBUG] Using open Channel [id: 0x57c098bd, L:/127.0.0.1:53868 - R:localhost/127.0.0.1:54695] for POST &apos;/session/58c71abf36e055de1b85799c6e647ad1/element&apos;
[DEBUG] 

Request DefaultHttpRequest(decodeResult: success, version: HTTP/1.1)
POST /session/58c71abf36e055de1b85799c6e647ad1/element HTTP/1.1
User-Agent: selenium/4.1.1 (java windows)
Content-Length: 65
Content-Type: application/json; charset=utf-8
host: localhost:54695
accept: */*

Response DefaultHttpResponse(decodeResult: success, version: HTTP/1.1)
HTTP/1.1 200 OK
Content-Type: application/json; charset=utf-8
cache-control: no-cache
content-length: 88

[DEBUG] Adding key: http://localhost:54695 for channel [id: 0x57c098bd, L:/127.0.0.1:53868 - R:localhost/127.0.0.1:54695]
[DEBUG] Using pooled Channel &apos;[id: 0x57c098bd, L:/127.0.0.1:53868 - R:localhost/127.0.0.1:54695]&apos; for &apos;POST&apos; to &apos;http://localhost:54695/session/58c71abf36e055de1b85799c6e647ad1/element/75d1ce95-a885-4863-86ef-6c3293b39ff5/click&apos;
[DEBUG] Using open Channel [id: 0x57c098bd, L:/127.0.0.1:53868 - R:localhost/127.0.0.1:54695] for POST &apos;/session/58c71abf36e055de1b85799c6e647ad1/element/75d1ce95-a885-4863-86ef-6c3293b39ff5/click&apos;
[DEBUG] 

Request DefaultHttpRequest(decodeResult: success, version: HTTP/1.1)
POST /session/58c71abf36e055de1b85799c6e647ad1/element/75d1ce95-a885-4863-86ef-6c3293b39ff5/click HTTP/1.1
User-Agent: selenium/4.1.1 (java windows)
Content-Length: 50
Content-Type: application/json; charset=utf-8
host: localhost:54695
accept: */*

Response DefaultHttpResponse(decodeResult: success, version: HTTP/1.1)
HTTP/1.1 200 OK
Content-Type: application/json; charset=utf-8
cache-control: no-cache
content-length: 14

[DEBUG] Adding key: http://localhost:54695 for channel [id: 0x57c098bd, L:/127.0.0.1:53868 - R:localhost/127.0.0.1:54695]
[DEBUG] Entry count for : http://localhost:61186 : 1
[DEBUG] Entry count for : http://localhost:54695 : 1
[DEBUG] Entry count for : http://localhost:53869 : 1
[DEBUG] Entry count for : http://localhost:61186 : 1
[DEBUG] Entry count for : http://localhost:54695 : 1
[DEBUG] Entry count for : http://localhost:53869 : 1
[DEBUG] Using pooled Channel &apos;[id: 0x57c098bd, L:/127.0.0.1:53868 - R:localhost/127.0.0.1:54695]&apos; for &apos;POST&apos; to &apos;http://localhost:54695/session/58c71abf36e055de1b85799c6e647ad1/element&apos;
[DEBUG] Using open Channel [id: 0x57c098bd, L:/127.0.0.1:53868 - R:localhost/127.0.0.1:54695] for POST &apos;/session/58c71abf36e055de1b85799c6e647ad1/element&apos;
[DEBUG] 

Request DefaultHttpRequest(decodeResult: success, version: HTTP/1.1)
POST /session/58c71abf36e055de1b85799c6e647ad1/element HTTP/1.1
User-Agent: selenium/4.1.1 (java windows)
Content-Length: 65
Content-Type: application/json; charset=utf-8
host: localhost:54695
accept: */*

Response DefaultHttpResponse(decodeResult: success, version: HTTP/1.1)
HTTP/1.1 200 OK
Content-Type: application/json; charset=utf-8
cache-control: no-cache
content-length: 88

[DEBUG] Adding key: http://localhost:54695 for channel [id: 0x57c098bd, L:/127.0.0.1:53868 - R:localhost/127.0.0.1:54695]
[DEBUG] Using pooled Channel &apos;[id: 0x57c098bd, L:/127.0.0.1:53868 - R:localhost/127.0.0.1:54695]&apos; for &apos;POST&apos; to &apos;http://localhost:54695/session/58c71abf36e055de1b85799c6e647ad1/element/2b06f080-5ecb-48e0-a42d-a219bbbe05be/click&apos;
[DEBUG] Using open Channel [id: 0x57c098bd, L:/127.0.0.1:53868 - R:localhost/127.0.0.1:54695] for POST &apos;/session/58c71abf36e055de1b85799c6e647ad1/element/2b06f080-5ecb-48e0-a42d-a219bbbe05be/click&apos;
[DEBUG] 

Request DefaultHttpRequest(decodeResult: success, version: HTTP/1.1)
POST /session/58c71abf36e055de1b85799c6e647ad1/element/2b06f080-5ecb-48e0-a42d-a219bbbe05be/click HTTP/1.1
User-Agent: selenium/4.1.1 (java windows)
Content-Length: 50
Content-Type: application/json; charset=utf-8
host: localhost:54695
accept: */*

Response DefaultHttpResponse(decodeResult: success, version: HTTP/1.1)
HTTP/1.1 200 OK
Content-Type: application/json; charset=utf-8
cache-control: no-cache
content-length: 14

[DEBUG] Adding key: http://localhost:54695 for channel [id: 0x57c098bd, L:/127.0.0.1:53868 - R:localhost/127.0.0.1:54695]
[DEBUG] Entry count for : http://localhost:61186 : 1
[DEBUG] Entry count for : http://localhost:54695 : 1
[DEBUG] Entry count for : http://localhost:53869 : 1
[DEBUG] Entry count for : http://localhost:61186 : 1
[DEBUG] Entry count for : http://localhost:54695 : 1
[DEBUG] Entry count for : http://localhost:53869 : 1
[DEBUG] Entry count for : http://localhost:61186 : 1
[DEBUG] Entry count for : http://localhost:54695 : 1
[DEBUG] Entry count for : http://localhost:53869 : 1
[DEBUG] Using pooled Channel &apos;[id: 0x57c098bd, L:/127.0.0.1:53868 - R:localhost/127.0.0.1:54695]&apos; for &apos;POST&apos; to &apos;http://localhost:54695/session/58c71abf36e055de1b85799c6e647ad1/element&apos;
[DEBUG] Using open Channel [id: 0x57c098bd, L:/127.0.0.1:53868 - R:localhost/127.0.0.1:54695] for POST &apos;/session/58c71abf36e055de1b85799c6e647ad1/element&apos;
[DEBUG] 

Request DefaultHttpRequest(decodeResult: success, version: HTTP/1.1)
POST /session/58c71abf36e055de1b85799c6e647ad1/element HTTP/1.1
User-Agent: selenium/4.1.1 (java windows)
Content-Length: 65
Content-Type: application/json; charset=utf-8
host: localhost:54695
accept: */*

Response DefaultHttpResponse(decodeResult: success, version: HTTP/1.1)
HTTP/1.1 200 OK
Content-Type: application/json; charset=utf-8
cache-control: no-cache
content-length: 88

[DEBUG] Adding key: http://localhost:54695 for channel [id: 0x57c098bd, L:/127.0.0.1:53868 - R:localhost/127.0.0.1:54695]
[DEBUG] Using pooled Channel &apos;[id: 0x57c098bd, L:/127.0.0.1:53868 - R:localhost/127.0.0.1:54695]&apos; for &apos;POST&apos; to &apos;http://localhost:54695/session/58c71abf36e055de1b85799c6e647ad1/element/5fc311ed-39c5-44b6-9ada-6da0ee834e0b/click&apos;
[DEBUG] Using open Channel [id: 0x57c098bd, L:/127.0.0.1:53868 - R:localhost/127.0.0.1:54695] for POST &apos;/session/58c71abf36e055de1b85799c6e647ad1/element/5fc311ed-39c5-44b6-9ada-6da0ee834e0b/click&apos;
[DEBUG] 

Request DefaultHttpRequest(decodeResult: success, version: HTTP/1.1)
POST /session/58c71abf36e055de1b85799c6e647ad1/element/5fc311ed-39c5-44b6-9ada-6da0ee834e0b/click HTTP/1.1
User-Agent: selenium/4.1.1 (java windows)
Content-Length: 50
Content-Type: application/json; charset=utf-8
host: localhost:54695
accept: */*

Response DefaultHttpResponse(decodeResult: success, version: HTTP/1.1)
HTTP/1.1 200 OK
Content-Type: application/json; charset=utf-8
cache-control: no-cache
content-length: 14

[DEBUG] Adding key: http://localhost:54695 for channel [id: 0x57c098bd, L:/127.0.0.1:53868 - R:localhost/127.0.0.1:54695]
[DEBUG] Entry count for : http://localhost:61186 : 1
[DEBUG] Entry count for : http://localhost:54695 : 1
[DEBUG] Entry count for : http://localhost:53869 : 1
[DEBUG] Entry count for : http://localhost:61186 : 1
[DEBUG] Entry count for : http://localhost:54695 : 1
[DEBUG] Entry count for : http://localhost:53869 : 1
[DEBUG] Entry count for : http://localhost:61186 : 1
[DEBUG] Entry count for : http://localhost:54695 : 1
[DEBUG] Entry count for : http://localhost:53869 : 1
[DEBUG] Entry count for : http://localhost:61186 : 1
[DEBUG] Entry count for : http://localhost:54695 : 1
[DEBUG] Entry count for : http://localhost:53869 : 1
[DEBUG] Entry count for : http://localhost:61186 : 1
[DEBUG] Entry count for : http://localhost:54695 : 1
[DEBUG] Entry count for : http://localhost:53869 : 1
[DEBUG] Using pooled Channel &apos;[id: 0x57c098bd, L:/127.0.0.1:53868 - R:localhost/127.0.0.1:54695]&apos; for &apos;POST&apos; to &apos;http://localhost:54695/session/58c71abf36e055de1b85799c6e647ad1/element&apos;
[DEBUG] Using open Channel [id: 0x57c098bd, L:/127.0.0.1:53868 - R:localhost/127.0.0.1:54695] for POST &apos;/session/58c71abf36e055de1b85799c6e647ad1/element&apos;
[DEBUG] 

Request DefaultHttpRequest(decodeResult: success, version: HTTP/1.1)
POST /session/58c71abf36e055de1b85799c6e647ad1/element HTTP/1.1
User-Agent: selenium/4.1.1 (java windows)
Content-Length: 81
Content-Type: application/json; charset=utf-8
host: localhost:54695
accept: */*

Response DefaultHttpResponse(decodeResult: success, version: HTTP/1.1)
HTTP/1.1 404 Not Found
Content-Type: application/json; charset=utf-8
cache-control: no-cache
content-length: 1042

[DEBUG] Adding key: http://localhost:54695 for channel [id: 0x57c098bd, L:/127.0.0.1:53868 - R:localhost/127.0.0.1:54695]
</system-out>
    <system-err>Starting ChromeDriver 99.0.4844.51 (d537ec02474b5afe23684e7963d538896c63ac77-refs/branch-heads/4844@{#875}) on port 54695
Only local connections are allowed.
Please see https://chromedriver.chromium.org/security-considerations for suggestions on keeping ChromeDriver safe.
ChromeDriver was started successfully.
Mar 22, 2022 11:03:31 AM org.openqa.selenium.remote.ProtocolHandshake createSession
INFO: Detected dialect: W3C
Mar 22, 2022 11:03:31 AM org.openqa.selenium.devtools.CdpVersionFinder findNearestMatch
WARNING: Unable to find an exact match for CDP version 99, so returning the closest version found: 96
Mar 22, 2022 11:03:31 AM org.openqa.selenium.devtools.CdpVersionFinder findNearestMatch
INFO: Found CDP implementation for version 99 of 96
</system-err>
  </testcase>
</testsuite>