<?xml version="1.0" encoding="UTF-8"?>
<!-- Generated by org.testng.reporters.JUnitReportReporter -->
<testsuite hostname="LIN24011000" failures="0" tests="10" name="com.runner.apolloRunner" time="193.362" errors="0" timestamp="2022-03-21T20:11:50 IST" skipped="0">
  <testcase classname="com.runner.apolloRunner" name="Scenario" time="26.195"/>
  <system-out/>
  <testcase classname="com.runner.apolloRunner" name="Scenario" time="11.084"/>
  <system-out/>
  <testcase classname="com.runner.apolloRunner" name="Scenario" time="25.243"/>
  <system-out/>
  <testcase classname="com.runner.apolloRunner" name="Scenario" time="15.700"/>
  <system-out/>
  <testcase classname="com.runner.apolloRunner" name="Scenario" time="29.639"/>
  <system-out/>
  <testcase classname="com.runner.apolloRunner" name="Scenario" time="13.212"/>
  <system-out/>
  <testcase classname="com.runner.apolloRunner" name="Scenario" time="12.010"/>
  <system-out/>
  <testcase classname="com.runner.apolloRunner" name="Scenario" time="19.852"/>
  <system-out/>
  <testcase classname="com.runner.apolloRunner" name="Scenario" time="20.726"/>
  <system-out/>
  <testcase classname="com.runner.apolloRunner" name="Scenario" time="19.701"/>
  <system-out/>
</testsuite> <!-- com.runner.apolloRunner -->
